<?xml version="1.0" encoding="UTF-8"?>
<testsuite xmlns:xsi="http://www.w3.org/2001/XMLSchema-instance" xsi:noNamespaceSchemaLocation="https://maven.apache.org/surefire/maven-surefire-plugin/xsd/surefire-test-report.xsd" name="com.example.webtest.service.TestSqlServiceTest" time="6.954" tests="2" errors="1" skipped="0" failures="0">
  <properties>
[...]
</properties>
  <testcase name="test1" classname="com.example.webtest.service.TestSqlServiceTest" time="0.16"/>
  <testcase name="testActiveSql" classname="com.example.webtest.service.TestSqlServiceTest" time="0.071">
    <error message="&#10;### Error updating database.  Cause: java.sql.SQLException: Field &apos;create_time&apos; doesn&apos;t have a default value&#10;### The error may exist in com/example/webtest/dao/TestMapper.java (best guess)&#10;### The error may involve defaultParameterMap&#10;### The error occurred while setting parameters&#10;### SQL: insert into apollo_electronic_invoice_shop (shop_name,identification_number,type)values (&apos;123&apos;,&apos;222&apos;,2);&#10;### Cause: java.sql.SQLException: Field &apos;create_time&apos; doesn&apos;t have a default value&#10;; Field &apos;create_time&apos; doesn&apos;t have a default value; nested exception is java.sql.SQLException: Field &apos;create_time&apos; doesn&apos;t have a default value" type="org.springframework.dao.DataIntegrityViolationException">org.springframework.dao.DataIntegrityViolationException: 

### Error updating database.  Cause: java.sql.SQLException: Field 'create_time' doesn't have a default value
### The error may exist in com/example/webtest/dao/TestMapper.java (best guess)
### The error may involve defaultParameterMap
### The error occurred while setting parameters
### SQL: insert into apollo_electronic_invoice_shop (shop_name,identification_number,type)values ('123','222',2);
### Cause: java.sql.SQLException: Field 'create_time' doesn't have a default value
; Field 'create_time' doesn't have a default value; nested exception is java.sql.SQLException: Field 'create_time' doesn't have a default value
	at com.example.webtest.service.TestSqlServiceTest.testActiveSql(TestSqlServiceTest.java:42)
Caused by: java.sql.SQLException: Field 'create_time' doesn't have a default value
	at com.example.webtest.service.TestSqlServiceTest.testActiveSql(TestSqlServiceTest.java:42)
</error>
    <system-out><![CDATA[12:57:07.545 logback-demo [main] DEBUG c.e.webtest.dao.TestMapper.insertDb - ==>  Preparing: insert into apollo_electronic_invoice_shop (shop_name,identification_number,type)values ('123','222',2); 
12:57:07.546 logback-demo [main] DEBUG c.e.webtest.dao.TestMapper.insertDb - ==> Parameters: 
]]></system-out>
  </testcase>
</testsuite>